<?xml version="1.0" encoding="UTF-8"?>
<!-- Generated by org.testng.reporters.JUnitXMLReporter -->
<testsuite ignored="6" hostname="FVFHXGUJQ6LR" failures="0" tests="12" name="Test" time="90.287" errors="0" timestamp="2023-06-01T21:26:17 IST">
  <testcase classname="com.wipro.testcases.TestCase1" name="register" time="15.589"/>
  <testcase classname="com.wipro.testcases.TestCase1" name="login1" time="5.075"/>
  <testcase classname="com.wipro.testcases.TestCase1" name="logout1" time="1.177"/>
  <testcase classname="com.wipro.testcases.TestCase2" name="login2" time="4.716"/>
  <testcase classname="com.wipro.testcases.TestCase2" name="myAccFunctionality" time="0.731"/>
  <testcase classname="com.wipro.testcases.TestCase2" name="addressFuctionality" time="9.581"/>
  <testcase classname="com.wipro.testcases.TestCase3" name="login3" time="6.813"/>
  <testcase classname="com.wipro.testcases.TestCase3" name="mymenu" time="4.816"/>
  <testcase classname="com.wipro.testcases.TestCase3" name="myselect" time="22.019"/>
  <testcase classname="com.wipro.testcases.TestCase4" name="login4" time="5.134"/>
  <testcase classname="com.wipro.testcases.TestCase4" name="mymenu" time="10.601"/>
  <testcase classname="com.wipro.testcases.TestCase4" name="logout4" time="2.799"/>
  <testcase classname="com.wipro.base.TestBaseClass" name="@BeforeSuite setUp" time="0.0">
    <ignored/>
  </testcase> <!-- @BeforeSuite setUp -->
  <testcase classname="com.wipro.base.TestBaseClass" name="@BeforeSuite setUp" time="0.0">
    <ignored/>
  </testcase> <!-- @BeforeSuite setUp -->
  <testcase classname="com.wipro.base.TestBaseClass" name="@BeforeSuite setUp" time="0.0">
    <ignored/>
  </testcase> <!-- @BeforeSuite setUp -->
  <testcase classname="com.wipro.base.TestBaseClass" name="@AfterSuite windUp" time="0.0">
    <ignored/>
  </testcase> <!-- @AfterSuite windUp -->
  <testcase classname="com.wipro.base.TestBaseClass" name="@AfterSuite windUp" time="0.0">
    <ignored/>
  </testcase> <!-- @AfterSuite windUp -->
  <testcase classname="com.wipro.base.TestBaseClass" name="@AfterSuite windUp" time="0.0">
    <ignored/>
  </testcase> <!-- @AfterSuite windUp -->
</testsuite> <!-- Test -->
